<?xml version="1.0" encoding="UTF-8"?>
<!-- Generated by org.testng.reporters.JUnitReportReporter -->
<testsuite hostname="Preethi" failures="0" tests="1" name="Testcase.His" time="0.229" errors="0" timestamp="2023-01-15T19:07:23 IST" skipped="0">
  <testcase classname="Testcase.His" name="history" time="0.229"/>
  <system-out/>
</testsuite> <!-- Testcase.His -->
