<?xml version="1.0" encoding="UTF-8"?>
<!-- Generated by org.testng.reporters.JUnitReportReporter -->
<testsuite hostname="Preethi" failures="0" tests="1" name="Testcase.Short" time="0.316" errors="0" timestamp="2023-01-15T19:07:23 IST" skipped="0">
  <testcase classname="Testcase.Short" name="video" time="0.316"/>
  <system-out/>
</testsuite> <!-- Testcase.Short -->
