<?xml version="1.0" encoding="UTF-8"?>
<!-- Generated by org.testng.reporters.JUnitReportReporter -->
<testsuite hostname="Preethi" failures="0" tests="1" name="Testcase.Searchresult" time="0.730" errors="0" timestamp="2023-01-15T19:07:23 IST" skipped="0">
  <testcase classname="Testcase.Searchresult" name="result" time="0.730"/>
  <system-out/>
</testsuite> <!-- Testcase.Searchresult -->
