<?xml version="1.0" encoding="UTF-8"?>
<!-- Generated by org.testng.reporters.JUnitReportReporter -->
<testsuite hostname="Preethi" failures="0" tests="1" name="Testcase.Searchresult" time="0.606" errors="0" timestamp="2023-01-14T18:47:54 IST" skipped="0">
  <testcase classname="Testcase.Searchresult" name="result" time="0.606"/>
  <system-out/>
</testsuite> <!-- Testcase.Searchresult -->
