<?xml version="1.0" encoding="UTF-8"?>
<!-- Generated by org.testng.reporters.JUnitReportReporter -->
<testsuite hostname="Preethi" failures="0" tests="1" name="Testcase.Short" time="0.207" errors="0" timestamp="2023-01-14T18:47:54 IST" skipped="0">
  <testcase classname="Testcase.Short" name="video" time="0.207"/>
  <system-out/>
</testsuite> <!-- Testcase.Short -->
