<?xml version="1.0" encoding="UTF-8"?>
<!-- Generated by org.testng.reporters.JUnitReportReporter -->
<testsuite hostname="Preethi" failures="0" tests="1" name="Testcase.Subscription" time="0.164" errors="0" timestamp="2023-01-15T19:07:23 IST" skipped="0">
  <testcase classname="Testcase.Subscription" name="subs" time="0.164"/>
  <system-out/>
</testsuite> <!-- Testcase.Subscription -->
